Application bundle generation failed. [14.823 seconds] - 2025-12-08T14:04:37.627Z

‚ñ≤ [WARNING] Cannot use type selector "__logo" directly after nesting selector "&" [plugin angular-compiler] [css-syntax-error]

    src/app/components/header/header.component.css:19:3:
      19 ‚îÇ   &__logo {
         ‚îÇ    ~~~~~~
         ‚ïµ    :is(__logo)

  CSS nesting syntax does not allow the "&" selector to come before a type selector. You can wrap this selector in ":is(...)" as a workaround. This restriction exists to avoid problems with SASS nesting, where the same syntax means something very different that has no equivalent in real CSS (appending a suffix to the parent selector).


‚ñ≤ [WARNING] Cannot use type selector "__icon" directly after nesting selector "&" [plugin angular-compiler] [css-syntax-error]

    src/app/components/header/header.component.css:41:3:
      41 ‚îÇ   &__icon {
         ‚îÇ    ~~~~~~
         ‚ïµ    :is(__icon)

  CSS nesting syntax does not allow the "&" selector to come before a type selector. You can wrap this selector in ":is(...)" as a workaround. This restriction exists to avoid problems with SASS nesting, where the same syntax means something very different that has no equivalent in real CSS (appending a suffix to the parent selector).


‚ñ≤ [WARNING] Cannot use type selector "__nav" directly after nesting selector "&" [plugin angular-compiler] [css-syntax-error]

    src/app/components/header/header.component.css:49:3:
      49 ‚îÇ   &__nav {
         ‚îÇ    ~~~~~
         ‚ïµ    :is(__nav)

  CSS nesting syntax does not allow the "&" selector to come before a type selector. You can wrap this selector in ":is(...)" as a workaround. This restriction exists to avoid problems with SASS nesting, where the same syntax means something very different that has no equivalent in real CSS (appending a suffix to the parent selector).


X [ERROR] NG2008: Could not find template file './app.component.html'. [plugin angular-compiler]

    src/app/app.component.ts:18:17:
      18 ‚îÇ   'templateUrl': './app.component.html',
         ‚ïµ                  ~~~~~~~~~~~~~~~~~~~~~~


X [ERROR] TS4111: Property 'imageUrl' comes from an index signature, so it must be accessed with ['imageUrl']. [plugin angular-compiler]

    src/app/component/card/card.component.html:17:21:
      17 ‚îÇ     <img [src]="card.imageUrl" [alt]="card['name']">
         ‚ïµ                      ~~~~~~~~

  Error occurs in the template of component CardComponent.

    src/app/component/card/card.component.ts:18:15:
      18 ‚îÇ   templateUrl: './card.component.html',
         ‚ïµ                ~~~~~~~~~~~~~~~~~~~~~~~


X [ERROR] TS4111: Property 'name' comes from an index signature, so it must be accessed with ['name']. [plugin angular-compiler]

    src/app/component/card/card.component.html:29:35:
      29 ‚îÇ     <h3 class="card__name">{{ card.name }}</h3>
         ‚ïµ                                    ~~~~

  Error occurs in the template of component CardComponent.

    src/app/component/card/card.component.ts:18:15:
      18 ‚îÇ   templateUrl: './card.component.html',
         ‚ïµ                ~~~~~~~~~~~~~~~~~~~~~~~


X [ERROR] TS4111: Property 'hp' comes from an index signature, so it must be accessed with ['hp']. [plugin angular-compiler]

    src/app/component/card/card.component.html:57:48:
      57 ‚îÇ       <div class="stat"><span>‚ù§Ô∏è</span> {{ card.hp }}</div>
         ‚ïµ                                             ~~

  Error occurs in the template of component CardComponent.

    src/app/component/card/card.component.ts:18:15:
      18 ‚îÇ   templateUrl: './card.component.html',
         ‚ïµ                ~~~~~~~~~~~~~~~~~~~~~~~


X [ERROR] TS4111: Property 'attack' comes from an index signature, so it must be accessed with ['attack']. [plugin angular-compiler]

    src/app/component/card/card.component.html:59:48:
      59 ‚îÇ       <div class="stat"><span>‚öîÔ∏è</span> {{ card.attack }}</div>
         ‚ïµ                                             ~~~~~~

  Error occurs in the template of component CardComponent.

    src/app/component/card/card.component.ts:18:15:
      18 ‚îÇ   templateUrl: './card.component.html',
         ‚ïµ                ~~~~~~~~~~~~~~~~~~~~~~~


X [ERROR] TS4111: Property 'defense' comes from an index signature, so it must be accessed with ['defense']. [plugin angular-compiler]

    src/app/component/card/card.component.html:61:49:
      61 ‚îÇ       <div class="stat"><span>üõ°Ô∏è</span> {{ card.defense }}</div>
         ‚ïµ                                             ~~~~~~~

  Error occurs in the template of component CardComponent.

    src/app/component/card/card.component.ts:18:15:
      18 ‚îÇ   templateUrl: './card.component.html',
         ‚ïµ                ~~~~~~~~~~~~~~~~~~~~~~~


X [ERROR] TS4111: Property 'speed' comes from an index signature, so it must be accessed with ['speed']. [plugin angular-compiler]

    src/app/component/card/card.component.html:63:48:
      63 ‚îÇ       <div class="stat"><span>üí®</span> {{ card.speed }}</div>
         ‚ïµ                                              ~~~~~

  Error occurs in the template of component CardComponent.

    src/app/component/card/card.component.ts:18:15:
      18 ‚îÇ   templateUrl: './card.component.html',
         ‚ïµ                ~~~~~~~~~~~~~~~~~~~~~~~


X [ERROR] NG2008: Could not find stylesheet file './card.component.scss'. [plugin angular-compiler]

    src/app/component/card/card.component.ts:20:12:
      20 ‚îÇ   styleUrl: './card.component.scss'
         ‚ïµ             ~~~~~~~~~~~~~~~~~~~~~~~


X [ERROR] NG2008: Could not find stylesheet file './header.component.scss'. [plugin angular-compiler]

    src/app/components/header/header.components.ts:17:12:
      17 ‚îÇ   styleUrl: './header.component.scss'
         ‚ïµ             ~~~~~~~~~~~~~~~~~~~~~~~~~


X [ERROR] TS2564: Property 'id' has no initializer and is not definitely assigned in the constructor. [plugin angular-compiler]

    src/app/models/index.ts:13:2:
      13 ‚îÇ   id: number;
         ‚ïµ   ~~


X [ERROR] NG2003: No suitable injection token for parameter 'cardService' of class 'CollectionComponent'.
  Consider using the @Inject decorator to specify an injection token. [plugin angular-compiler]

    src/app/pages/collection/collection.component.ts:50:22:
      50 ‚îÇ   constructor(private cardService: CardService) { }
         ‚ïµ                       ~~~~~~~~~~~

  This type does not have a value, so it cannot be used as injection token.

    src/app/pages/collection/collection.component.ts:50:35:
      50 ‚îÇ   constructor(private cardService: CardService) { }
         ‚ïµ                                    ~~~~~~~~~~~


X [ERROR] TS7006: Parameter 'err' implicitly has an 'any' type. [plugin angular-compiler]

    src/app/pages/collection/collection.component.ts:84:14:
      84 ‚îÇ       error: (err) => {
         ‚ïµ               ~~~


X [ERROR] TS7006: Parameter 'updatedCard' implicitly has an 'any' type. [plugin angular-compiler]

    src/app/pages/collection/collection.component.ts:104:13:
      104 ‚îÇ       next: (updatedCard) => {
          ‚ïµ              ~~~~~~~~~~~


X [ERROR] TS7006: Parameter 'err' implicitly has an 'any' type. [plugin angular-compiler]

    src/app/pages/collection/collection.component.ts:118:14:
      118 ‚îÇ       error: (err) => console.error('Erreur toggle favori', err)
          ‚ïµ               ~~~


X [ERROR] TS7006: Parameter 'err' implicitly has an 'any' type. [plugin angular-compiler]

    src/app/pages/collection/collection.component.ts:140:16:
      140 ‚îÇ         error: (err) => console.error('Erreur suppression', err)
          ‚ïµ                 ~~~


X [ERROR] Could not resolve "./pages/search/search.component"

    src/app/app.routes.ts:16:37:
      16 ‚îÇ ...  loadComponent: () => import((`./pages/search/search.component`))
         ‚ïµ                                   ~~~~~~~~~~~~~~~~~~~~~~~~~~~~~~~~~


X [ERROR] Could not resolve "../../components/card/card.component"

    src/app/pages/collection/collection.component.ts:6:30:
      6 ‚îÇ import { CardComponent } from '../../components/card/card.component';
        ‚ïµ                               ~~~~~~~~~~~~~~~~~~~~~~~~~~~~~~~~~~~~~~


X [ERROR] Unexpected end of file in JSON [plugin angular-compiler]

    src/app/tsconfig.json:1:0:
      1 ‚îÇ
        ‚ïµ ^


X [ERROR] Could not resolve "./pages/search/search.component"

    src/app/app.routes.ts:16:37:
      16 ‚îÇ ...  loadComponent: () => import((`./pages/search/search.component`))
         ‚ïµ                                   ~~~~~~~~~~~~~~~~~~~~~~~~~~~~~~~~~


X [ERROR] Could not resolve "../../components/card/card.component"

    src/app/pages/collection/collection.component.ts:6:30:
      6 ‚îÇ import { CardComponent } from '../../components/card/card.component';
        ‚ïµ                               ~~~~~~~~~~~~~~~~~~~~~~~~~~~~~~~~~~~~~~


